[START] 2026-04-22 02:54:38
[CONF] timeout=120s cli_max_retries=2 external_retries=5
[RUN] chapter=102 title=主线推进102
[TRY] chapter=102 ext_try=1/6
{
  "book_id": "reborn_coder_120",
  "chapter_no": 102,
  "chapter_title": "主线推进102",
  "passed": false,
  "review_score": 0,
  "attempts": [
    {
      "attempt": 1,
      "draft_ok": false,
      "draft_error": "request failed: HTTPConnectionPool(host='172.19.57.3', port=80): Read timed out. (read timeout=120)",
      "review": {},
      "edit_ok": false,
      "edit_error": ""
    },
    {
      "attempt": 2,
      "draft_ok": false,
      "draft_error": "request failed: HTTPConnectionPool(host='172.19.57.3', port=80): Read timed out. (read timeout=120)",
      "review": {},
      "edit_ok": false,
      "edit_error": ""
    },
    {
      "attempt": 3,
      "draft_ok": false,
      "draft_error": "request failed: HTTPConnectionPool(host='172.19.57.3', port=80): Read timed out. (read timeout=120)",
      "review": {},
      "edit_ok": false,
      "edit_error": ""
    }
  ],
  "published_path": "",
  "generated_at_utc": "2026-04-22T03:00:39.975059+00:00",
  "human_intervention_required": true
}
[RETRY] chapter=102 reason=quality_or_network
[TRY] chapter=102 ext_try=2/6
{
  "book_id": "reborn_coder_120",
  "chapter_no": 102,
  "chapter_title": "主线推进102",
  "passed": false,
  "review_score": 0,
  "attempts": [
    {
      "attempt": 1,
      "draft_ok": false,
      "draft_error": "request failed: HTTPConnectionPool(host='172.19.57.3', port=80): Read timed out. (read timeout=120)",
      "review": {},
      "edit_ok": false,
      "edit_error": ""
    },
    {
      "attempt": 2,
      "draft_ok": false,
      "draft_error": "request failed: HTTPConnectionPool(host='172.19.57.3', port=80): Read timed out. (read timeout=120)",
      "review": {},
      "edit_ok": false,
      "edit_error": ""
    },
    {
      "attempt": 3,
      "draft_ok": false,
      "draft_error": "request failed: HTTPConnectionPool(host='172.19.57.3', port=80): Read timed out. (read timeout=120)",
      "review": {},
      "edit_ok": false,
      "edit_error": ""
    }
  ],
  "published_path": "",
  "generated_at_utc": "2026-04-22T03:06:42.915987+00:00",
  "human_intervention_required": true
}
[RETRY] chapter=102 reason=quality_or_network
[TRY] chapter=102 ext_try=3/6
